Arguments: 
  C:\Program Files\nodejs\node.exe C:\Users\Dom\AppData\Roaming\npm\node_modules\yarn\bin\yarn.js add gatsby-plugin-transitions gatsby-plugin-layout react-spring

PATH: 
  C:\Python39\Scripts\;C:\Python39\;C:\Program Files (x86)\Common Files\Intel\Shared Libraries\redist\intel64\compiler;c:\program files (x86)\common files\oracle\java\javapath;c:\windows\system32;c:\windows;c:\windows\system32\wbem;c:\windows\system32\windowspowershell\v1.0\;c:\windows\system32\openssh\;c:\program files\nvidia corporation\nvidia nvdlisr;C:\Program Files (x86)\NVIDIA Corporation\PhysX\Common;C:\WINDOWS\system32;C:\WINDOWS;C:\WINDOWS\System32\Wbem;C:\WINDOWS\System32\WindowsPowerShell\v1.0\;C:\WINDOWS\System32\OpenSSH\;C:\Program Files (x86)\AMD\ATI.ACE\Core-Static;C:\Program Files (x86)\Windows Kits\8.1\Windows Performance Toolkit\;C:\Program Files\Microsoft SQL Server\Client SDK\ODBC\110\Tools\Binn\;C:\Program Files (x86)\Microsoft SQL Server\120\Tools\Binn\;C:\Program Files\Microsoft SQL Server\120\Tools\Binn\;C:\Program Files\Microsoft SQL Server\120\DTS\Binn\;C:\Program Files (x86)\Microsoft SQL Server\120\Tools\Binn\ManagementStudio\;C:\Program Files (x86)\Microsoft SQL Server\120\DTS\Binn\;C:\Program Files (x86)\QuickTime\QTSystem\;C:\Program Files\Git\cmd;C:\ProgramData\chocolatey\bin;C:\Program Files\nodejs\;C:\Users\Dom\AppData\Local\Microsoft\WindowsApps;C:\Users\Dom\AppData\Local\Programs\Microsoft VS Code\bin;C:\Users\Dom\AppData\Local\Microsoft\WindowsApps;C:\Users\Dom\AppData\Local\GitHubDesktop\bin;C:\Users\Dom\AppData\Roaming\npm

Yarn version: 
  1.22.11

Node version: 
  14.17.6

Platform: 
  win32 x64

Trace: 
  Error: EPERM: operation not permitted, unlink 'C:\Users\Dom\Desktop\Portfolio\portfolio\node_modules\sharp\build\Release\sharp-win32-x64.node'

npm manifest: 
  {
    "name": "portfolio",
    "version": "1.0.0",
    "private": true,
    "description": "Portfolio",
    "author": "DomVournias",
    "keywords": [
      "gatsby"
    ],
    "scripts": {
      "develop": "gatsby develop",
      "start": "gatsby develop",
      "build": "gatsby build",
      "serve": "gatsby serve",
      "clean": "gatsby clean"
    },
    "dependencies": {
      "@mdx-js/mdx": "^1.6.22",
      "@mdx-js/react": "^1.6.22",
      "framer-motion": "^4.1.17",
      "g": "^2.0.1",
      "gatsby": "^3.13.1",
      "gatsby-plugin-image": "^1.14.0",
      "gatsby-plugin-mdx": "^2.14.0",
      "gatsby-plugin-sharp": "^3.14.0",
      "gatsby-source-filesystem": "^3.14.0",
      "gatsby-transformer-sharp": "^3.14.0",
      "prop-types": "^15.7.2",
      "react": "^17.0.1",
      "react-dom": "^17.0.1",
      "react-spinners": "^0.11.0",
      "trim": "^1.0.1"
    },
    "devDependencies": {
      "autoprefixer": "^10.3.6",
      "gatsby-plugin-postcss": "^4.14.0",
      "postcss": "^8.3.8",
      "tailwindcss": "^2.2.16"
    }
  }

yarn manifest: 
  No manifest

Lockfile: 
  No lockfile
